TID: [-1234] [] [2016-02-22 00:43:22,582]  INFO {org.wso2.carbon.core.init.CarbonServerManager} -  Shutdown hook triggered.... {org.wso2.carbon.core.init.CarbonServerManager}
TID: [-1234] [] [2016-02-22 00:43:22,590]  INFO {org.wso2.carbon.core.init.CarbonServerManager} -  Gracefully shutting down WSO2 Governance Registry... {org.wso2.carbon.core.init.CarbonServerManager}
TID: [-1234] [] [2016-02-22 00:43:22,601]  INFO {org.wso2.carbon.core.ServerManagement} -  Starting to switch to maintenance mode... {org.wso2.carbon.core.ServerManagement}
TID: [-1234] [] [2016-02-22 00:43:22,610]  INFO {org.wso2.carbon.core.ServerManagement} -  Stopped all transport listeners {org.wso2.carbon.core.ServerManagement}
TID: [-1234] [] [2016-02-22 00:43:22,610]  INFO {org.wso2.carbon.core.ServerManagement} -  Waiting for request service completion... {org.wso2.carbon.core.ServerManagement}
TID: [-1234] [] [2016-02-22 00:43:22,621]  INFO {org.wso2.carbon.core.ServerManagement} -  All requests have been served. {org.wso2.carbon.core.ServerManagement}
TID: [-1234] [] [2016-02-22 00:43:22,621]  INFO {org.wso2.carbon.core.ServerManagement} -  Waiting for deployment completion... {org.wso2.carbon.core.ServerManagement}
TID: [-1234] [] [2016-02-22 00:43:22,697]  INFO {org.wso2.carbon.webapp.mgt.WebApplication} -  Unloaded webapp: StandardEngine[Catalina].StandardHost[localhost].StandardContext[/STRATOS_ROOT] {org.wso2.carbon.webapp.mgt.WebApplication}
TID: [-1234] [] [2016-02-22 00:43:22,751]  INFO {org.wso2.carbon.webapp.mgt.WebApplication} -  Unloaded webapp: StandardEngine[Catalina].StandardHost[localhost].StandardContext[/cmis] {org.wso2.carbon.webapp.mgt.WebApplication}
TID: [-1234] [] [2016-02-22 00:43:22,777]  INFO {org.springframework.web.context.support.XmlWebApplicationContext} -  Closing Root WebApplicationContext: startup date [Thu Feb 18 13:09:56 CET 2016]; root of context hierarchy {org.springframework.web.context.support.XmlWebApplicationContext}
TID: [-1234] [] [2016-02-22 00:43:22,785]  INFO {org.springframework.beans.factory.support.DefaultListableBeanFactory} -  Destroying singletons in org.springframework.beans.factory.support.DefaultListableBeanFactory@d08cfbf: defining beans [cxf,org.apache.cxf.bus.spring.BusWiringBeanFactoryPostProcessor,org.apache.cxf.bus.spring.Jsr250BeanPostProcessor,org.apache.cxf.bus.spring.BusExtensionPostProcessor,org.springframework.beans.factory.config.PropertyPlaceholderConfigurer#0,org.springframework.context.annotation.internalConfigurationAnnotationProcessor,org.springframework.context.annotation.internalAutowiredAnnotationProcessor,org.springframework.context.annotation.internalRequiredAnnotationProcessor,org.springframework.context.annotation.internalCommonAnnotationProcessor,org.springframework.web.context.support.ServletContextPropertyPlaceholderConfigurer#0,org.springframework.beans.factory.config.PreferencesPlaceholderConfigurer#0,services,swaggerResourceJSON,resourceWriter,apiWriter,swagger,swaggerConfig]; root of factory hierarchy {org.springframework.beans.factory.support.DefaultListableBeanFactory}
TID: [-1234] [] [2016-02-22 00:43:22,876]  INFO {org.wso2.carbon.webapp.mgt.WebApplication} -  Unloaded webapp: StandardEngine[Catalina].StandardHost[localhost].StandardContext[/resource] {org.wso2.carbon.webapp.mgt.WebApplication}
TID: [-1234] [] [2016-02-22 00:43:22,897]  INFO {org.springframework.web.context.support.XmlWebApplicationContext} -  Closing Root WebApplicationContext: startup date [Thu Feb 18 13:09:51 CET 2016]; root of context hierarchy {org.springframework.web.context.support.XmlWebApplicationContext}
TID: [-1234] [] [2016-02-22 00:43:22,900]  INFO {org.springframework.beans.factory.support.DefaultListableBeanFactory} -  Destroying singletons in org.springframework.beans.factory.support.DefaultListableBeanFactory@4f2b3d10: defining beans [cxf,org.apache.cxf.bus.spring.BusWiringBeanFactoryPostProcessor,org.apache.cxf.bus.spring.Jsr250BeanPostProcessor,org.apache.cxf.bus.spring.BusExtensionPostProcessor,org.springframework.beans.factory.config.PropertyPlaceholderConfigurer#0,org.springframework.context.annotation.internalConfigurationAnnotationProcessor,org.springframework.context.annotation.internalAutowiredAnnotationProcessor,org.springframework.context.annotation.internalRequiredAnnotationProcessor,org.springframework.context.annotation.internalCommonAnnotationProcessor,org.springframework.web.context.support.ServletContextPropertyPlaceholderConfigurer#0,org.springframework.beans.factory.config.PreferencesPlaceholderConfigurer#0,services]; root of factory hierarchy {org.springframework.beans.factory.support.DefaultListableBeanFactory}
TID: [-1234] [] [2016-02-22 00:43:22,924]  INFO {org.wso2.carbon.webapp.mgt.WebApplication} -  Unloaded webapp: StandardEngine[Catalina].StandardHost[localhost].StandardContext[/governance] {org.wso2.carbon.webapp.mgt.WebApplication}
TID: [-1234] [] [2016-02-22 00:43:22,944]  INFO {org.wso2.carbon.webapp.mgt.WebApplication} -  Unloaded webapp: StandardEngine[Catalina].StandardHost[localhost].StandardContext[/sso] {org.wso2.carbon.webapp.mgt.WebApplication}
TID: [-1234] [] [2016-02-22 00:43:22,960]  INFO {org.wso2.carbon.webapp.mgt.WebApplication} -  Unloaded webapp: StandardEngine[Catalina].StandardHost[localhost].StandardContext[/publisher] {org.wso2.carbon.webapp.mgt.WebApplication}
TID: [-1234] [] [2016-02-22 00:43:22,969]  INFO {org.wso2.carbon.webapp.mgt.WebApplication} -  Unloaded webapp: StandardEngine[Catalina].StandardHost[localhost].StandardContext[/social] {org.wso2.carbon.webapp.mgt.WebApplication}
TID: [-1234] [] [2016-02-22 00:43:22,978]  INFO {org.wso2.carbon.webapp.mgt.WebApplication} -  Unloaded webapp: StandardEngine[Catalina].StandardHost[localhost].StandardContext[/store] {org.wso2.carbon.webapp.mgt.WebApplication}
TID: [-1234] [] [2016-02-22 00:43:22,979]  INFO {org.wso2.carbon.core.ServerManagement} -  All deployment tasks have been completed. {org.wso2.carbon.core.ServerManagement}
TID: [-1234] [] [2016-02-22 00:43:22,979]  INFO {org.wso2.carbon.core.ServerManagement} -  Waiting for server task completion... {org.wso2.carbon.core.ServerManagement}
TID: [-1234] [] [2016-02-22 00:43:23,006]  INFO {org.wso2.carbon.humantask.core.HumanTaskServerShutdown} -  Shutting down human task scheduler {org.wso2.carbon.humantask.core.HumanTaskServerShutdown}
TID: [-1234] [] [2016-02-22 00:43:23,008]  INFO {org.wso2.carbon.registry.core.internal.RegistryCoreServiceComponent} -  Writing logs  {org.wso2.carbon.registry.core.internal.RegistryCoreServiceComponent}
TID: [-1234] [] [2016-02-22 00:43:23,012]  INFO {org.wso2.carbon.core.ServerManagement} -  All server tasks have been completed. {org.wso2.carbon.core.ServerManagement}
TID: [-1234] [] [2016-02-22 00:43:23,012]  INFO {org.wso2.carbon.core.init.CarbonServerManager} -  Shutting down WSO2 Governance Registry... {org.wso2.carbon.core.init.CarbonServerManager}
TID: [-1234] [] [2016-02-22 00:43:23,012]  INFO {org.wso2.carbon.core.init.CarbonServerManager} -  Shutting down OSGi framework... {org.wso2.carbon.core.init.CarbonServerManager}
TID: [-1234] [] [2016-02-22 00:43:23,070]  INFO {org.wso2.jaggery.scxml.Activator} -  Stopping org.wso2.jaggery.scxml with RealmService disabled {org.wso2.jaggery.scxml.Activator}
TID: [-1234] [] [2016-02-22 00:43:23,099]  INFO {org.wso2.carbon.core.init.CarbonServerManager} -  Stopping CarbonServerManager... {org.wso2.carbon.core.init.CarbonServerManager}
TID: [-1234] [] [2016-02-22 00:43:25,478]  INFO {org.wso2.carbon.tomcat.ext.internal.CarbonTomcatServiceComponent} -  Stopping the carbon web-app registered under : / {org.wso2.carbon.tomcat.ext.internal.CarbonTomcatServiceComponent}
TID: [-1234] [] [2016-02-22 00:43:25,546]  INFO {org.wso2.carbon.attachment.mgt.server.internal.AttachmentServiceComponent} -  org.wso2.carbon.attachment.mgt.server.internal.AttachmentServiceComponent.deactivate {org.wso2.carbon.attachment.mgt.server.internal.AttachmentServiceComponent}
TID: [-1234] [] [2016-02-22 00:43:25,932]  INFO {org.wso2.carbon.core.init.CarbonServerManager} -  Shutdown complete {org.wso2.carbon.core.init.CarbonServerManager}
TID: [-1234] [] [2016-02-22 00:43:25,932]  INFO {org.wso2.carbon.core.init.CarbonServerManager} -  Halting JVM {org.wso2.carbon.core.init.CarbonServerManager}
TID: [-1] [] [2016-02-22 00:43:33,497]  WARN {org.apache.axiom.util.stax.dialect.StAXDialectDetector} -  Unable to determine dialect of the StAX implementation at bundleresource://14.fwk1900164709/ {org.apache.axiom.util.stax.dialect.StAXDialectDetector}
TID: [-1] [] [2016-02-22 00:43:33,477]  WARN {org.apache.axiom.util.stax.dialect.StAXDialectDetector} -  Unable to determine dialect of the StAX implementation at bundleresource://14.fwk1900164709/ {org.apache.axiom.util.stax.dialect.StAXDialectDetector}
TID: [-1234] [] [2016-02-22 00:43:33,856]  INFO {org.wso2.carbon.core.internal.CarbonCoreActivator} -  Starting WSO2 Carbon... {org.wso2.carbon.core.internal.CarbonCoreActivator}
TID: [-1234] [] [2016-02-22 00:43:33,856]  INFO {org.wso2.carbon.core.internal.CarbonCoreActivator} -  Operating System : Mac OS X 10.10.4, x86_64 {org.wso2.carbon.core.internal.CarbonCoreActivator}
TID: [-1234] [] [2016-02-22 00:43:33,857]  INFO {org.wso2.carbon.core.internal.CarbonCoreActivator} -  Java Home        : /Library/Java/JavaVirtualMachines/jdk1.8.0_65.jdk/Contents/Home/jre {org.wso2.carbon.core.internal.CarbonCoreActivator}
TID: [-1234] [] [2016-02-22 00:43:33,857]  INFO {org.wso2.carbon.core.internal.CarbonCoreActivator} -  Java Version     : 1.8.0_65 {org.wso2.carbon.core.internal.CarbonCoreActivator}
TID: [-1234] [] [2016-02-22 00:43:33,857]  INFO {org.wso2.carbon.core.internal.CarbonCoreActivator} -  Java VM          : Java HotSpot(TM) 64-Bit Server VM 25.65-b01,Oracle Corporation {org.wso2.carbon.core.internal.CarbonCoreActivator}
TID: [-1234] [] [2016-02-22 00:43:33,857]  INFO {org.wso2.carbon.core.internal.CarbonCoreActivator} -  Carbon Home      : /Users/osef-lord/Desktop/GIT/greg-modif {org.wso2.carbon.core.internal.CarbonCoreActivator}
TID: [-1234] [] [2016-02-22 00:43:33,857]  INFO {org.wso2.carbon.core.internal.CarbonCoreActivator} -  Java Temp Dir    : /Users/osef-lord/Desktop/GIT/greg-modif/tmp {org.wso2.carbon.core.internal.CarbonCoreActivator}
TID: [-1234] [] [2016-02-22 00:43:33,858]  INFO {org.wso2.carbon.core.internal.CarbonCoreActivator} -  User             : osef-lord, fr-FR, Europe/Paris {org.wso2.carbon.core.internal.CarbonCoreActivator}
TID: [-1234] [] [2016-02-22 00:43:34,000]  WARN {org.wso2.carbon.core.bootup.validator.util.ValidationResultPrinter} -  Carbon is configured to use the default keystore (wso2carbon.jks). To maximize security when deploying to a production environment, configure a new keystore with a unique password in the production server profile. {org.wso2.carbon.core.bootup.validator.util.ValidationResultPrinter}
TID: [-1] [] [2016-02-22 00:43:34,007]  INFO {org.wso2.carbon.databridge.agent.thrift.AgentHolder} -  Agent created ! {org.wso2.carbon.databridge.agent.thrift.AgentHolder}
TID: [-1] [] [2016-02-22 00:43:34,030]  INFO {org.wso2.carbon.databridge.agent.thrift.internal.AgentDS} -  Successfully deployed Agent Client {org.wso2.carbon.databridge.agent.thrift.internal.AgentDS}
TID: [-1] [] [2016-02-22 00:43:34,297]  WARN {org.wso2.carbon.identity.notification.mgt.NotificationMgtConfigBuilder} -  Secret Resolver is not present. Will not resolve encryptions in config file {org.wso2.carbon.identity.notification.mgt.NotificationMgtConfigBuilder}
TID: [-1234] [] [2016-02-22 00:43:34,810]  INFO {org.wso2.jaggery.scxml.Activator} -  Activating org.wso2.jaggery.scxml with RealmService enabled {org.wso2.jaggery.scxml.Activator}
TID: [-1234] [] [2016-02-22 00:43:36,361]  INFO {org.wso2.carbon.registry.core.jdbc.EmbeddedRegistryService} -  Configured Registry in 98ms {org.wso2.carbon.registry.core.jdbc.EmbeddedRegistryService}
TID: [-1234] [] [2016-02-22 00:43:36,480]  INFO {org.wso2.carbon.registry.core.internal.RegistryCoreServiceComponent} -  Registry Mode    : READ-WRITE {org.wso2.carbon.registry.core.internal.RegistryCoreServiceComponent}
TID: [-1] [] [2016-02-22 00:43:36,515]  INFO {org.wso2.carbon.attachment.mgt.server.internal.AttachmentServiceComponent} -  Initialising Attachment Server {org.wso2.carbon.attachment.mgt.server.internal.AttachmentServiceComponent}
TID: [-1] [] [2016-02-22 00:43:36,997]  INFO {org.wso2.carbon.attachment.mgt.core.dao.impl.jpa.AbstractJPAVendorAdapter} -  [Attachment-Mgt OpenJPA] DB Dictionary: h2 {org.wso2.carbon.attachment.mgt.core.dao.impl.jpa.AbstractJPAVendorAdapter}
TID: [-1] [] [2016-02-22 00:43:36,998]  INFO {org.wso2.carbon.attachment.mgt.core.dao.impl.jpa.AbstractJPAVendorAdapter} -  [Attachment-Mgt OpenJPA] Generate DDL Enabled. {org.wso2.carbon.attachment.mgt.core.dao.impl.jpa.AbstractJPAVendorAdapter}
TID: [-1] [] [2016-02-22 00:43:37,240]  INFO {org.wso2.carbon.attachment.mgt.server.internal.AttachmentServiceComponent} -  Registering AttachmentServerService {org.wso2.carbon.attachment.mgt.server.internal.AttachmentServiceComponent}
TID: [-1] [] [2016-02-22 00:43:37,251]  INFO {org.wso2.carbon.humantask.core.internal.HumanTaskServiceComponent} -  Initialising HumanTask Server {org.wso2.carbon.humantask.core.internal.HumanTaskServiceComponent}
TID: [-1] [] [2016-02-22 00:43:37,375]  INFO {org.apache.ode.il.EmbeddedGeronimoFactory} -  Using embedded Geronimo transaction manager {org.apache.ode.il.EmbeddedGeronimoFactory}
TID: [-1] [] [2016-02-22 00:43:37,409]  INFO {org.wso2.carbon.humantask.core.dao.jpa.AbstractJPAVendorAdapter} -  [HT OpenJPA] DB Dictionary: h2 {org.wso2.carbon.humantask.core.dao.jpa.AbstractJPAVendorAdapter}
TID: [-1] [] [2016-02-22 00:43:37,409]  INFO {org.wso2.carbon.humantask.core.dao.jpa.AbstractJPAVendorAdapter} -  [HT OpenJPA] Generate DDL Enabled. {org.wso2.carbon.humantask.core.dao.jpa.AbstractJPAVendorAdapter}
TID: [-1] [] [2016-02-22 00:43:37,572]  INFO {org.wso2.carbon.humantask.core.internal.HumanTaskServiceComponent} -  Registering Axis2ConfigurationContextObserver {org.wso2.carbon.humantask.core.internal.HumanTaskServiceComponent}
TID: [-1] [] [2016-02-22 00:43:37,582]  INFO {org.wso2.carbon.humantask.core.internal.HumanTaskServiceComponent} -  Registering HT related MBeans {org.wso2.carbon.humantask.core.internal.HumanTaskServiceComponent}
TID: [-1] [] [2016-02-22 00:43:37,594]  INFO {org.wso2.carbon.humantask.core.internal.HumanTaskServiceComponent} -  MXBean for Human tasks registered successfully {org.wso2.carbon.humantask.core.internal.HumanTaskServiceComponent}
TID: [-1234] [] [2016-02-22 00:43:41,227]  INFO {org.wso2.carbon.registry.indexing.solr.SolrClient} -  Default Embedded Solr Server Initialized {org.wso2.carbon.registry.indexing.solr.SolrClient}
TID: [-1234] [] [2016-02-22 00:43:41,490]  INFO {org.wso2.carbon.social.sql.SocialDBInitilizer} -  Social database already exists. Not creating a new database. {org.wso2.carbon.social.sql.SocialDBInitilizer}
TID: [-1234] [] [2016-02-22 00:43:41,633]  INFO {org.wso2.carbon.user.core.internal.UserStoreMgtDSComponent} -  Carbon UserStoreMgtDSComponent activated successfully. {org.wso2.carbon.user.core.internal.UserStoreMgtDSComponent}
TID: [-1] [] [2016-02-22 00:43:48,198]  INFO {org.apache.catalina.startup.TaglibUriRule} -  TLD skipped. URI: http://tiles.apache.org/tags-tiles is already defined {org.apache.catalina.startup.TaglibUriRule}
TID: [-1234] [] [2016-02-22 00:43:48,974]  INFO {org.apache.axis2.deployment.ClusterBuilder} -  Clustering has been disabled {org.apache.axis2.deployment.ClusterBuilder}
TID: [-1234] [] [2016-02-22 00:43:49,147]  INFO {org.wso2.carbon.identity.user.store.configuration.deployer.UserStoreConfigurationDeployer} -  User Store Configuration Deployer initiated. {org.wso2.carbon.identity.user.store.configuration.deployer.UserStoreConfigurationDeployer}
TID: [-1234] [] [2016-02-22 00:43:49,147]  INFO {org.wso2.carbon.identity.user.store.configuration.deployer.UserStoreConfigurationDeployer} -  User Store Configuration Deployer initiated. {org.wso2.carbon.identity.user.store.configuration.deployer.UserStoreConfigurationDeployer}
TID: [-1234] [] [2016-02-22 00:43:49,154]  INFO {org.wso2.carbon.humantask.deployer.HumanTaskDeployer} -  Initializing HumanTask Deployer for tenant -1234. {org.wso2.carbon.humantask.deployer.HumanTaskDeployer}
TID: [-1234] [] [2016-02-22 00:43:49,287]  INFO {org.apache.axis2.deployment.DeploymentEngine} -  No services directory was found under /Users/osef-lord/Desktop/GIT/greg-modif/repository/deployment/client. {org.apache.axis2.deployment.DeploymentEngine}
TID: [-1234] [] [2016-02-22 00:43:49,298]  INFO {org.apache.axis2.deployment.ModuleDeployer} -  Deploying module: addressing-1.6.1-wso2v14 - file:/Users/osef-lord/Desktop/GIT/greg-modif/repository/deployment/client/modules/addressing-1.6.1-wso2v14.mar {org.apache.axis2.deployment.ModuleDeployer}
TID: [-1234] [] [2016-02-22 00:43:49,956]  INFO {org.wso2.carbon.core.deployment.DeploymentInterceptor} -  Deploying Axis2 service: DiscoveryProxy {super-tenant} {org.wso2.carbon.core.deployment.DeploymentInterceptor}
TID: [-1234] [] [2016-02-22 00:43:49,958]  INFO {org.apache.axis2.deployment.DeploymentEngine} -  Deploying Web service: org.wso2.carbon.discovery.proxy-4.6.1 -  {org.apache.axis2.deployment.DeploymentEngine}
TID: [-1234] [] [2016-02-22 00:43:50,849]  WARN {org.apache.axis2.description.java2wsdl.DefaultSchemaGenerator} -  We don't support method overloading. Ignoring [validateAudienceRestriction] {org.apache.axis2.description.java2wsdl.DefaultSchemaGenerator}
TID: [-1234] [] [2016-02-22 00:43:50,915]  INFO {org.wso2.carbon.core.deployment.DeploymentInterceptor} -  Deploying Axis2 service: AccountCredentialMgtConfigService {super-tenant} {org.wso2.carbon.core.deployment.DeploymentInterceptor}
TID: [-1234] [] [2016-02-22 00:43:50,917]  INFO {org.wso2.carbon.core.deployment.DeploymentInterceptor} -  Deploying Axis2 service: UserIdentityManagementAdminService {super-tenant} {org.wso2.carbon.core.deployment.DeploymentInterceptor}
TID: [-1234] [] [2016-02-22 00:43:50,918]  INFO {org.wso2.carbon.core.deployment.DeploymentInterceptor} -  Deploying Axis2 service: UserInformationRecoveryService {super-tenant} {org.wso2.carbon.core.deployment.DeploymentInterceptor}
TID: [-1234] [] [2016-02-22 00:43:50,919]  INFO {org.apache.axis2.deployment.DeploymentEngine} -  Deploying Web service: org.wso2.carbon.identity.mgt-4.5.6 -  {org.apache.axis2.deployment.DeploymentEngine}
TID: [-1234] [] [2016-02-22 00:43:51,495]  INFO {org.apache.axis2.deployment.DeploymentEngine} -  Deploying Web service: org.wso2.carbon.registry.ws.api-4.5.0 -  {org.apache.axis2.deployment.DeploymentEngine}
TID: [-1234] [] [2016-02-22 00:43:51,721]  INFO {org.wso2.carbon.core.deployment.DeploymentInterceptor} -  Deploying Axis2 service: wso2carbon-sts {super-tenant} {org.wso2.carbon.core.deployment.DeploymentInterceptor}
TID: [-1234] [] [2016-02-22 00:43:51,747]  INFO {org.apache.axis2.deployment.DeploymentEngine} -  Deploying Web service: org.wso2.carbon.sts-4.5.6 -  {org.apache.axis2.deployment.DeploymentEngine}
TID: [-1234] [] [2016-02-22 00:43:51,856]  WARN {org.apache.axis2.description.java2wsdl.DefaultSchemaGenerator} -  We don't support method overloading. Ignoring [getAttributeName] {org.apache.axis2.description.java2wsdl.DefaultSchemaGenerator}
TID: [-1234] [] [2016-02-22 00:43:52,145]  INFO {org.wso2.carbon.core.init.CarbonServerManager} -  Repository       : /Users/osef-lord/Desktop/GIT/greg-modif/repository/deployment/server/ {org.wso2.carbon.core.init.CarbonServerManager}
TID: [-1234] [] [2016-02-22 00:43:52,258]  INFO {org.wso2.carbon.core.multitenancy.eager.TenantLoadingConfig} -  Using tenant lazy loading policy... {org.wso2.carbon.core.multitenancy.eager.TenantLoadingConfig}
TID: [-1234] [] [2016-02-22 00:43:52,276]  INFO {org.wso2.carbon.core.internal.permission.update.PermissionUpdater} -  Permission cache updated for tenant -1234 {org.wso2.carbon.core.internal.permission.update.PermissionUpdater}
TID: [-1234] [] [2016-02-22 00:43:52,691]  INFO {org.wso2.carbon.identity.sso.saml.admin.FileBasedConfigManager} -  A SSO Service Provider is registered for : store {org.wso2.carbon.identity.sso.saml.admin.FileBasedConfigManager}
TID: [-1234] [] [2016-02-22 00:43:52,691]  INFO {org.wso2.carbon.identity.sso.saml.admin.FileBasedConfigManager} -  A SSO Service Provider is registered for : social {org.wso2.carbon.identity.sso.saml.admin.FileBasedConfigManager}
TID: [-1234] [] [2016-02-22 00:43:52,691]  INFO {org.wso2.carbon.identity.sso.saml.admin.FileBasedConfigManager} -  A SSO Service Provider is registered for : publisher {org.wso2.carbon.identity.sso.saml.admin.FileBasedConfigManager}
TID: [-1234] [] [2016-02-22 00:43:53,631]  INFO {org.wso2.carbon.core.transports.http.HttpTransportListener} -  HTTP port        : 9763 {org.wso2.carbon.core.transports.http.HttpTransportListener}
TID: [-1234] [] [2016-02-22 00:43:53,632]  INFO {org.wso2.carbon.core.transports.http.HttpsTransportListener} -  HTTPS port       : 9443 {org.wso2.carbon.core.transports.http.HttpsTransportListener}
TID: [-1234] [] [2016-02-22 00:43:53,634]  INFO {org.wso2.carbon.humantask.core.HumanTaskSchedulerInitializer} -  Starting HumanTasks Scheduler {org.wso2.carbon.humantask.core.HumanTaskSchedulerInitializer}
TID: [-1234] [] [2016-02-22 00:43:53,645]  INFO {openjpa.Runtime} -  Starting OpenJPA 2.2.0-wso2v1 {openjpa.Runtime}
TID: [-1234] [] [2016-02-22 00:43:53,736]  INFO {openjpa.jdbc.JDBC} -  Using dictionary class "org.apache.openjpa.jdbc.sql.H2Dictionary". {openjpa.jdbc.JDBC}
TID: [-1234] [] [2016-02-22 00:43:55,149]  INFO {org.wso2.carbon.webapp.mgt.TomcatGenericWebappsDeployer} -  Deployed webapp: StandardEngine[Catalina].StandardHost[localhost].StandardContext[/STRATOS_ROOT].File[/Users/osef-lord/Desktop/GIT/greg-modif/repository/deployment/server/webapps/STRATOS_ROOT] {org.wso2.carbon.webapp.mgt.TomcatGenericWebappsDeployer}
TID: [-1234] [] [2016-02-22 00:43:55,843]  INFO {org.wso2.carbon.registry.cmis.RegistryTypeManager} -  Added type 'cmis:document'. {org.wso2.carbon.registry.cmis.RegistryTypeManager}
TID: [-1234] [] [2016-02-22 00:43:55,844]  INFO {org.wso2.carbon.registry.cmis.RegistryTypeManager} -  Added type 'cmis:folder'. {org.wso2.carbon.registry.cmis.RegistryTypeManager}
TID: [-1234] [] [2016-02-22 00:43:55,846]  INFO {org.wso2.carbon.registry.cmis.RegistryTypeManager} -  Added type 'cmis:unversioned-document'. {org.wso2.carbon.registry.cmis.RegistryTypeManager}
TID: [-1234] [] [2016-02-22 00:43:55,846]  INFO {org.apache.chemistry.opencmis.server.impl.CmisRepositoryContextListener} -  Initialized Services Factory: org.wso2.carbon.registry.cmis.CMISServiceFactory {org.apache.chemistry.opencmis.server.impl.CmisRepositoryContextListener}
TID: [-1234] [] [2016-02-22 00:43:55,854]  INFO {com.sun.xml.ws.transport.http.servlet.WSServletContextListener} -  WSSERVLET12: JAX-WS context listener initializing {com.sun.xml.ws.transport.http.servlet.WSServletContextListener}
TID: [-1234] [] [2016-02-22 00:44:00,263]  INFO {com.sun.xml.ws.transport.http.servlet.WSServletDelegate} -  WSSERVLET14: JAX-WS servlet initializing {com.sun.xml.ws.transport.http.servlet.WSServletDelegate}
TID: [-1234] [] [2016-02-22 00:44:00,276]  INFO {org.wso2.carbon.webapp.mgt.TomcatGenericWebappsDeployer} -  Deployed webapp: StandardEngine[Catalina].StandardHost[localhost].StandardContext[/cmis].File[/Users/osef-lord/Desktop/GIT/greg-modif/repository/deployment/server/webapps/cmis.war] {org.wso2.carbon.webapp.mgt.TomcatGenericWebappsDeployer}
TID: [-1234] [] [2016-02-22 00:44:02,496]  INFO {org.springframework.web.context.ContextLoader} -  Root WebApplicationContext: initialization started {org.springframework.web.context.ContextLoader}
TID: [-1234] [] [2016-02-22 00:44:02,549]  INFO {org.springframework.web.context.support.XmlWebApplicationContext} -  Refreshing Root WebApplicationContext: startup date [Mon Feb 22 00:44:02 CET 2016]; root of context hierarchy {org.springframework.web.context.support.XmlWebApplicationContext}
TID: [-1234] [] [2016-02-22 00:44:02,642]  INFO {org.springframework.beans.factory.xml.XmlBeanDefinitionReader} -  Loading XML bean definitions from ServletContext resource [/WEB-INF/beans.xml] {org.springframework.beans.factory.xml.XmlBeanDefinitionReader}
TID: [-1234] [] [2016-02-22 00:44:03,129]  INFO {org.springframework.beans.factory.xml.XmlBeanDefinitionReader} -  Loading XML bean definitions from class path resource [META-INF/cxf/cxf.xml] {org.springframework.beans.factory.xml.XmlBeanDefinitionReader}
TID: [-1234] [] [2016-02-22 00:44:04,052]  INFO {org.springframework.beans.factory.annotation.AutowiredAnnotationBeanPostProcessor} -  JSR-330 'javax.inject.Inject' annotation found and supported for autowiring {org.springframework.beans.factory.annotation.AutowiredAnnotationBeanPostProcessor}
TID: [-1234] [] [2016-02-22 00:44:04,101]  INFO {org.springframework.beans.factory.support.DefaultListableBeanFactory} -  Pre-instantiating singletons in org.springframework.beans.factory.support.DefaultListableBeanFactory@66aec11a: defining beans [cxf,org.apache.cxf.bus.spring.BusWiringBeanFactoryPostProcessor,org.apache.cxf.bus.spring.Jsr250BeanPostProcessor,org.apache.cxf.bus.spring.BusExtensionPostProcessor,org.springframework.beans.factory.config.PropertyPlaceholderConfigurer#0,org.springframework.context.annotation.internalConfigurationAnnotationProcessor,org.springframework.context.annotation.internalAutowiredAnnotationProcessor,org.springframework.context.annotation.internalRequiredAnnotationProcessor,org.springframework.context.annotation.internalCommonAnnotationProcessor,org.springframework.web.context.support.ServletContextPropertyPlaceholderConfigurer#0,org.springframework.beans.factory.config.PreferencesPlaceholderConfigurer#0,services]; root of factory hierarchy {org.springframework.beans.factory.support.DefaultListableBeanFactory}
TID: [-1234] [] [2016-02-22 00:44:04,849]  INFO {org.apache.cxf.endpoint.ServerImpl} -  Setting the server's publish address to be / {org.apache.cxf.endpoint.ServerImpl}
TID: [-1234] [] [2016-02-22 00:44:04,985]  INFO {org.springframework.web.context.ContextLoader} -  Root WebApplicationContext: initialization completed in 2489 ms {org.springframework.web.context.ContextLoader}
TID: [-1234] [] [2016-02-22 00:44:05,048]  INFO {org.wso2.carbon.webapp.mgt.TomcatGenericWebappsDeployer} -  Deployed webapp: StandardEngine[Catalina].StandardHost[localhost].StandardContext[/governance].File[/Users/osef-lord/Desktop/GIT/greg-modif/repository/deployment/server/webapps/governance.war] {org.wso2.carbon.webapp.mgt.TomcatGenericWebappsDeployer}
TID: [-1234] [] [2016-02-22 00:44:09,169]  INFO {org.springframework.web.context.ContextLoader} -  Root WebApplicationContext: initialization started {org.springframework.web.context.ContextLoader}
TID: [-1234] [] [2016-02-22 00:44:09,193]  INFO {org.springframework.web.context.support.XmlWebApplicationContext} -  Refreshing Root WebApplicationContext: startup date [Mon Feb 22 00:44:09 CET 2016]; root of context hierarchy {org.springframework.web.context.support.XmlWebApplicationContext}
TID: [-1234] [] [2016-02-22 00:44:09,240]  INFO {org.springframework.beans.factory.xml.XmlBeanDefinitionReader} -  Loading XML bean definitions from ServletContext resource [/WEB-INF/beans.xml] {org.springframework.beans.factory.xml.XmlBeanDefinitionReader}
TID: [-1234] [] [2016-02-22 00:44:09,304]  INFO {org.springframework.beans.factory.xml.XmlBeanDefinitionReader} -  Loading XML bean definitions from class path resource [META-INF/cxf/cxf.xml] {org.springframework.beans.factory.xml.XmlBeanDefinitionReader}
TID: [-1234] [] [2016-02-22 00:44:09,343]  INFO {org.springframework.beans.factory.xml.XmlBeanDefinitionReader} -  Loading XML bean definitions from class path resource [META-INF/cxf/cxf-servlet.xml] {org.springframework.beans.factory.xml.XmlBeanDefinitionReader}
TID: [-1234] [] [2016-02-22 00:44:09,562]  INFO {org.springframework.beans.factory.annotation.AutowiredAnnotationBeanPostProcessor} -  JSR-330 'javax.inject.Inject' annotation found and supported for autowiring {org.springframework.beans.factory.annotation.AutowiredAnnotationBeanPostProcessor}
TID: [-1234] [] [2016-02-22 00:44:09,582]  INFO {org.springframework.beans.factory.support.DefaultListableBeanFactory} -  Pre-instantiating singletons in org.springframework.beans.factory.support.DefaultListableBeanFactory@1b946e77: defining beans [cxf,org.apache.cxf.bus.spring.BusWiringBeanFactoryPostProcessor,org.apache.cxf.bus.spring.Jsr250BeanPostProcessor,org.apache.cxf.bus.spring.BusExtensionPostProcessor,org.springframework.beans.factory.config.PropertyPlaceholderConfigurer#0,org.springframework.context.annotation.internalConfigurationAnnotationProcessor,org.springframework.context.annotation.internalAutowiredAnnotationProcessor,org.springframework.context.annotation.internalRequiredAnnotationProcessor,org.springframework.context.annotation.internalCommonAnnotationProcessor,org.springframework.web.context.support.ServletContextPropertyPlaceholderConfigurer#0,org.springframework.beans.factory.config.PreferencesPlaceholderConfigurer#0,services,swaggerResourceJSON,resourceWriter,apiWriter,swagger,swaggerConfig]; root of factory hierarchy {org.springframework.beans.factory.support.DefaultListableBeanFactory}
TID: [-1234] [] [2016-02-22 00:44:10,186]  INFO {org.apache.cxf.endpoint.ServerImpl} -  Setting the server's publish address to be / {org.apache.cxf.endpoint.ServerImpl}
TID: [-1234] [] [2016-02-22 00:44:10,295]  INFO {org.apache.cxf.endpoint.ServerImpl} -  Setting the server's publish address to be /swagger {org.apache.cxf.endpoint.ServerImpl}
TID: [-1234] [] [2016-02-22 00:44:10,524]  INFO {org.springframework.web.context.ContextLoader} -  Root WebApplicationContext: initialization completed in 1355 ms {org.springframework.web.context.ContextLoader}
TID: [-1234] [] [2016-02-22 00:44:10,535]  INFO {org.wso2.carbon.webapp.mgt.TomcatGenericWebappsDeployer} -  Deployed webapp: StandardEngine[Catalina].StandardHost[localhost].StandardContext[/resource].File[/Users/osef-lord/Desktop/GIT/greg-modif/repository/deployment/server/webapps/resource.war] {org.wso2.carbon.webapp.mgt.TomcatGenericWebappsDeployer}
TID: [-1234] [] [2016-02-22 00:44:12,521]  INFO {app-core} -  Disabled assets: ["ebook", "api", "wsdl", "service", "policy", "proxy", "schema", "sequence", "servicex", "uri", "wadl", "endpoint", "swagger", "restservice", "comments", "soapservice"] {app-core}
TID: [-1234] [] [2016-02-22 00:44:12,522]  INFO {app-core} -  UI Disabled assets: ["note"] {app-core}
TID: [-1234] [] [2016-02-22 00:44:12,522]  INFO {app-core} -  Disabled assets: ["ebook", "proxy", "sequence", "service", "servicex", "uri", "site", "provider", "gadget", "document", "endpoint", "topic", "reply", "server"] {app-core}
TID: [-1234] [] [2016-02-22 00:44:12,738]  INFO {org.jaggeryjs.jaggery.app.mgt.TomcatJaggeryWebappsDeployer} -  Deployed webapp: StandardEngine[Catalina].StandardHost[localhost].StandardContext[/publisher].File[/Users/osef-lord/Desktop/GIT/greg-modif/repository/deployment/server/jaggeryapps/publisher] {org.jaggeryjs.jaggery.app.mgt.TomcatJaggeryWebappsDeployer}
TID: [-1234] [] [2016-02-22 00:44:12,853]  INFO {org.jaggeryjs.jaggery.app.mgt.TomcatJaggeryWebappsDeployer} -  Deployed webapp: StandardEngine[Catalina].StandardHost[localhost].StandardContext[/social].File[/Users/osef-lord/Desktop/GIT/greg-modif/repository/deployment/server/jaggeryapps/social] {org.jaggeryjs.jaggery.app.mgt.TomcatJaggeryWebappsDeployer}
TID: [-1234] [] [2016-02-22 00:44:12,969]  INFO {org.jaggeryjs.jaggery.app.mgt.TomcatJaggeryWebappsDeployer} -  Deployed webapp: StandardEngine[Catalina].StandardHost[localhost].StandardContext[/sso].File[/Users/osef-lord/Desktop/GIT/greg-modif/repository/deployment/server/jaggeryapps/sso] {org.jaggeryjs.jaggery.app.mgt.TomcatJaggeryWebappsDeployer}
TID: [-1234] [] [2016-02-22 00:44:13,362]  INFO {app-core} -  Disabled assets: ["ebook", "api", "wsdl", "service", "policy", "proxy", "schema", "sequence", "servicex", "uri", "wadl", "endpoint", "swagger", "restservice", "comments", "soapservice"] {app-core}
TID: [-1234] [] [2016-02-22 00:44:13,363]  INFO {app-core} -  Disabled assets: ["note", "ebook", "proxy", "sequence", "service", "servicex", "uri", "site", "provider", "gadget", "document", "endpoint", "topic", "reply", "server"] {app-core}
TID: [-1234] [] [2016-02-22 00:44:13,445]  INFO {org.jaggeryjs.jaggery.app.mgt.TomcatJaggeryWebappsDeployer} -  Deployed webapp: StandardEngine[Catalina].StandardHost[localhost].StandardContext[/store].File[/Users/osef-lord/Desktop/GIT/greg-modif/repository/deployment/server/jaggeryapps/store] {org.jaggeryjs.jaggery.app.mgt.TomcatJaggeryWebappsDeployer}
TID: [-1234] [] [2016-02-22 00:44:13,446]  INFO {org.wso2.carbon.humantask.deployer.HumanTaskDeployer} -  Deploying HumanTask archive [ WorkList.zip ] {org.wso2.carbon.humantask.deployer.HumanTaskDeployer}
TID: [-1234] [] [2016-02-22 00:44:13,499]  INFO {org.wso2.carbon.humantask.core.store.HumanTaskStore} -  Looking for HumanTask package in file system for deployment unit WorkList-1 {org.wso2.carbon.humantask.core.store.HumanTaskStore}
TID: [-1234] [] [2016-02-22 00:44:13,702]  INFO {org.wso2.carbon.core.deployment.DeploymentInterceptor} -  Deploying Axis2 service: WorkListService {super-tenant} {org.wso2.carbon.core.deployment.DeploymentInterceptor}
TID: [-1234] [] [2016-02-22 00:44:13,702]  INFO {org.apache.axis2.deployment.DeploymentEngine} -  Deploying Web service: WorkListService -  {org.apache.axis2.deployment.DeploymentEngine}
TID: [-1234] [] [2016-02-22 00:44:13,736]  INFO {org.apache.tomcat.util.net.NioSelectorPool} -  Using a shared selector for servlet write/read {org.apache.tomcat.util.net.NioSelectorPool}
TID: [-1234] [] [2016-02-22 00:44:13,954]  INFO {org.apache.tomcat.util.net.NioSelectorPool} -  Using a shared selector for servlet write/read {org.apache.tomcat.util.net.NioSelectorPool}
TID: [-1234] [] [2016-02-22 00:44:14,058]  INFO {org.wso2.carbon.ntask.core.service.impl.TaskServiceImpl} -  Task service starting in STANDALONE mode... {org.wso2.carbon.ntask.core.service.impl.TaskServiceImpl}
TID: [-1234] [] [2016-02-22 00:44:14,063]  INFO {org.wso2.carbon.humantask.cleanup.scheduler.internal.HumanTaskCleanupSchedulerServiceComponent} -  Starting HumanTaskCleanupSchedulerServiceComponent {org.wso2.carbon.humantask.cleanup.scheduler.internal.HumanTaskCleanupSchedulerServiceComponent}
TID: [-1234] [] [2016-02-22 00:44:14,150]  INFO {org.wso2.carbon.registry.eventing.internal.RegistryEventingServiceComponent} -  Successfully Initialized Eventing on Registry {org.wso2.carbon.registry.eventing.internal.RegistryEventingServiceComponent}
TID: [-1234] [] [2016-02-22 00:44:14,204]  INFO {org.wso2.carbon.store.notifications.management.ComponentManager} -  Store event types successfully registered {org.wso2.carbon.store.notifications.management.ComponentManager}
TID: [-1234] [] [2016-02-22 00:44:14,204]  INFO {org.wso2.carbon.store.notifications.internal.StoreNotificationsComponent} -  Store Notification service is activated {org.wso2.carbon.store.notifications.internal.StoreNotificationsComponent}
TID: [-1234] [] [2016-02-22 00:44:14,301]  INFO {org.wso2.carbon.core.init.JMXServerManager} -  JMX Service URL  : service:jmx:rmi://localhost:11111/jndi/rmi://localhost:9999/jmxrmi {org.wso2.carbon.core.init.JMXServerManager}
TID: [-1234] [] [2016-02-22 00:44:14,302]  INFO {org.wso2.carbon.core.internal.StartupFinalizerServiceComponent} -  Server           :  WSO2 Governance Registry-5.1.0 {org.wso2.carbon.core.internal.StartupFinalizerServiceComponent}
TID: [-1234] [] [2016-02-22 00:44:14,302]  INFO {org.wso2.carbon.core.internal.StartupFinalizerServiceComponent} -  WSO2 Carbon started in 44 sec {org.wso2.carbon.core.internal.StartupFinalizerServiceComponent}
TID: [-1234] [] [2016-02-22 00:44:14,749]  INFO {org.wso2.carbon.ui.internal.CarbonUIServiceComponent} -  Mgt Console URL  : https://192.168.0.13:9443/carbon/ {org.wso2.carbon.ui.internal.CarbonUIServiceComponent}
TID: [-1234] [] [2016-02-22 00:44:14,750]  INFO {org.wso2.carbon.ui.internal.CarbonUIServiceComponent} -  Governance Center Store Default Context : http://192.168.0.13:9763/store {org.wso2.carbon.ui.internal.CarbonUIServiceComponent}
TID: [-1234] [] [2016-02-22 00:44:14,750]  INFO {org.wso2.carbon.ui.internal.CarbonUIServiceComponent} -  Governance Center Publisher Default Context : https://192.168.0.13:9443/publisher {org.wso2.carbon.ui.internal.CarbonUIServiceComponent}
